0 verbose cli C:\Program Files\nodejs\node.exe C:\Program Files\nodejs\node_modules\npm\bin\npm-cli.js
1 info using npm@10.9.2
2 info using node@v22.17.1
3 silly config load:file:C:\Program Files\nodejs\node_modules\npm\npmrc
4 silly config load:file:C:\Users\dorimugi\.npmrc
5 silly config load:file:C:\Users\dorimugi\AppData\Roaming\npm\etc\npmrc
6 verbose title npm create vite@latest frontend react
7 verbose argv "create" "vite@latest" "frontend" "--template" "react"
8 verbose logfile logs-max:10 dir:C:\Users\dorimugi\Desktop\s\.npm-cache\_logs\2026-03-24T03_19_30_098Z-
9 verbose logfile C:\Users\dorimugi\Desktop\s\.npm-cache\_logs\2026-03-24T03_19_30_098Z-debug-0.log
10 silly logfile done cleaning log files
11 silly packumentCache heap:4345298944 maxSize:1086324736 maxEntrySize:543162368
12 http fetch GET 200 https://registry.npmjs.org/npm 113ms
13 http fetch GET 200 https://registry.npmjs.org/create-vite 90ms (cache miss)
14 silly packumentCache heap:4345298944 maxSize:1086324736 maxEntrySize:543162368
15 warn exec The following package was not found and will be installed: create-vite@9.0.3
16 silly idealTree buildDeps
17 silly fetch manifest create-vite@9.0.3
18 silly packumentCache full:https://registry.npmjs.org/create-vite cache-miss
19 http fetch GET 200 https://registry.npmjs.org/create-vite 33ms (cache miss)
20 silly packumentCache full:https://registry.npmjs.org/create-vite set size:undefined disposed:false
21 silly placeDep ROOT create-vite@9.0.3 OK for:  want: 9.0.3
22 silly reify moves {}
23 silly audit bulk request { 'create-vite': [ '9.0.3' ] }
24 http cache create-vite@https://registry.npmjs.org/create-vite/-/create-vite-9.0.3.tgz 0ms (cache hit)
25 silly tarball no local data for create-vite@https://registry.npmjs.org/create-vite/-/create-vite-9.0.3.tgz. Extracting by manifest.
26 http fetch POST 200 https://registry.npmjs.org/-/npm/v1/security/advisories/bulk 124ms
27 silly audit report {}
28 http fetch GET 200 https://registry.npmjs.org/create-vite/-/create-vite-9.0.3.tgz 206ms (cache miss)
29 verbose cwd C:\Users\dorimugi\Desktop\s
30 verbose os Windows_NT 10.0.26200
31 verbose node v22.17.1
32 verbose npm  v10.9.2
33 notice
33 notice New major version of npm available! 10.9.2 -> 11.12.0
33 notice Changelog: https://github.com/npm/cli/releases/tag/v11.12.0
33 notice To update run: npm install -g npm@11.12.0
33 notice  { force: true, [Symbol(proc-log.meta)]: true }
34 verbose exit 0
35 info ok
